Release 14.7 Map P.20131013 (nt64)
Xilinx Mapping Report File for Design 'unoxt_top'

Design Information
------------------
Command Line   : map -intstyle ise -p xc6slx25-ftg256-2 -w -logic_opt off -ol
high -t 1 -xt 3 -register_duplication off -r 4 -global_opt off -mt off -ir off
-pr off -lc off -power off -o unoxt_top_map.ncd unoxt_top.ngd unoxt_top.pcf 
Target Device  : xc6slx25
Target Package : ftg256
Target Speed   : -2
Mapper Version : spartan6 -- $Revision: 1.55 $
Mapped Date    : Tue Mar 28 14:13:11 2023

Design Summary
--------------
Number of errors:      0
Number of warnings:    4
Slice Logic Utilization:
  Number of Slice Registers:                 4,787 out of  30,064   15%
    Number used as Flip Flops:               4,737
    Number used as Latches:                      1
    Number used as Latch-thrus:                  0
    Number used as AND/OR logics:               49
  Number of Slice LUTs:                      5,651 out of  15,032   37%
    Number used as logic:                    5,188 out of  15,032   34%
      Number using O6 output only:           3,848
      Number using O5 output only:             233
      Number using O5 and O6:                1,107
      Number used as ROM:                        0
    Number used as Memory:                     302 out of   3,664    8%
      Number used as Dual Port RAM:              4
        Number using O6 output only:             0
        Number using O5 output only:             0
        Number using O5 and O6:                  4
      Number used as Single Port RAM:            0
      Number used as Shift Register:           298
        Number using O6 output only:           153
        Number using O5 output only:             0
        Number using O5 and O6:                145
    Number used exclusively as route-thrus:    161
      Number with same-slice register load:    145
      Number with same-slice carry load:        16
      Number with other load:                    0

Slice Logic Distribution:
  Number of occupied Slices:                 2,193 out of   3,758   58%
  Number of MUXCYs used:                     1,028 out of   7,516   13%
  Number of LUT Flip Flop pairs used:        6,906
    Number with an unused Flip Flop:         2,614 out of   6,906   37%
    Number with an unused LUT:               1,255 out of   6,906   18%
    Number of fully used LUT-FF pairs:       3,037 out of   6,906   43%
    Number of unique control sets:             293
    Number of slice register sites lost
      to control set restrictions:             627 out of  30,064    2%

  A LUT Flip Flop pair for this architecture represents one LUT paired with
  one Flip Flop within a slice.  A control set is a unique combination of
  clock, reset, set, and enable signals for a registered element.
  The Slice Logic Distribution report is not meaningful if the design is
  over-mapped for a non-slice resource or if Placement fails.

IO Utilization:
  Number of bonded IOBs:                        97 out of     186   52%
    Number of LOCed IOBs:                       97 out of      97  100%
    IOB Flip Flops:                              2

Specific Feature Utilization:
  Number of RAMB16BWERs:                        24 out of      52   46%
  Number of RAMB8BWERs:                          4 out of     104    3%
  Number of BUFIO2/BUFIO2_2CLKs:                 1 out of      32    3%
    Number used as BUFIO2s:                      1
    Number used as BUFIO2_2CLKs:                 0
  Number of BUFIO2FB/BUFIO2FB_2CLKs:             1 out of      32    3%
    Number used as BUFIO2FBs:                    1
    Number used as BUFIO2FB_2CLKs:               0
  Number of BUFG/BUFGMUXs:                       6 out of      16   37%
    Number used as BUFGs:                        6
    Number used as BUFGMUX:                      0
  Number of DCM/DCM_CLKGENs:                     0 out of       4    0%
  Number of ILOGIC2/ISERDES2s:                   2 out of     272    1%
    Number used as ILOGIC2s:                     2
    Number used as ISERDES2s:                    0
  Number of IODELAY2/IODRP2/IODRP2_MCBs:         0 out of     272    0%
  Number of OLOGIC2/OSERDES2s:                   0 out of     272    0%
  Number of BSCANs:                              0 out of       4    0%
  Number of BUFHs:                               0 out of     160    0%
  Number of BUFPLLs:                             0 out of       8    0%
  Number of BUFPLL_MCBs:                         0 out of       4    0%
  Number of DSP48A1s:                            1 out of      38    2%
  Number of ICAPs:                               0 out of       1    0%
  Number of MCBs:                                0 out of       2    0%
  Number of PCILOGICSEs:                         0 out of       2    0%
  Number of PLL_ADVs:                            1 out of       2   50%
  Number of PMVs:                                0 out of       1    0%
  Number of STARTUPs:                            0 out of       1    0%
  Number of SUSPEND_SYNCs:                       0 out of       1    0%

Average Fanout of Non-Clock Nets:                4.10

Peak Memory Usage:  4731 MB
Total REAL time to MAP completion:  1 mins 26 secs 
Total CPU time to MAP completion:   1 mins 26 secs 

Table of Contents
-----------------
Section 1 - Errors
Section 2 - Warnings
Section 3 - Informational
Section 4 - Removed Logic Summary
Section 5 - Removed Logic
Section 6 - IOB Properties
Section 7 - RPMs
Section 8 - Guide Report
Section 9 - Area Group and Partition Summary
Section 10 - Timing Report
Section 11 - Configuration String Information
Section 12 - Control Set Information
Section 13 - Utilization by Hierarchy

Section 1 - Errors
------------------

Section 2 - Warnings
--------------------
WARNING:Timing:3223 - Timing constraint PATH "TS_IGNORE1_path" TIG ignored during timing analysis.
WARNING:Timing:3223 - Timing constraint PATH "TS_IGNORE3_path" TIG ignored during timing analysis.
WARNING:Place:1137 - This design is not guaranteed to be routable! This design
   contains a global buffer instance, <dcm_system/clkout4_buf>, driving the net,
   <clk_3_571>, that is driving the following (first 30) non-clock load pins.
   < PIN: sys_inst/Mshreg_clk_opl2_ff_2.DI2; >
   This is not a recommended design practice in Spartan-6 due to limitations in
   the global routing that may cause excessive delay, skew or unroutable
   situations.  It is recommended to only use a BUFG resource to drive clock
   loads. Please pay extra attention to the timing and routing of this path to
   ensure the design goals are met. This is normally an ERROR but the
   CLOCK_DEDICATED_ROUTE constraint was applied on COMP.PIN
   <dcm_system/clkout4_buf.O> allowing your design to continue. This constraint
   disables all clock placer rules related to the specified COMP.PIN.
WARNING:PhysDesignRules:2410 - This design is using one or more 9K Block RAMs
   (RAMB8BWER).  9K Block RAM initialization data, both user defined and
   default, may be incorrect and should not be used.  For more information,
   please reference Xilinx Answer Record 39999.

Section 3 - Informational
-------------------------
INFO:LIT:243 - Logical network ear_port_i_IBUF has no load.
INFO:LIT:395 - The above info message is repeated 18 more times for the
   following (max. 5 shown):
   esp_rx_i_IBUF,
   flash_miso_i_IBUF,
   ram_data_io<15>_IBUF,
   ram_data_io<14>_IBUF,
   ram_data_io<13>_IBUF
   To see the details of these info messages, please use the -detail switch.
INFO:MapLib:562 - No environment variables are currently set.
INFO:Pack:1716 - Initializing temperature to 85.000 Celsius. (default - Range:
   0.000 to 85.000 Celsius)
INFO:Pack:1720 - Initializing voltage to 1.140 Volts. (default - Range: 1.140 to
   1.260 Volts)
INFO:Timing:3386 - Intersecting Constraints found and resolved.  For more information, see the TSI report.  Please consult the Xilinx
   Command Line Tools User Guide for information on generating a TSI report.
INFO:Map:215 - The Interim Design Summary has been generated in the MAP Report
   (.mrp).
INFO:Pack:1650 - Map created a placed design.

Section 4 - Removed Logic Summary
---------------------------------
   5 block(s) removed
   6 block(s) optimized away

Section 5 - Removed Logic
-------------------------

The trimmed logic report below shows the logic removed from your design due to
sourceless or loadless signals, and VCC or ground connections.  If the removal
of a signal or symbol results in the subsequent removal of an additional signal
or symbol, the message explaining that second removal will be indented.  This
indentation will be repeated as a chain of related logic is removed.

To quickly locate the original cause for the removal of a chain of logic, look
above the place where that logic is listed in the trimming report, then locate
the lines that are least indented (begin at the leftmost edge).

Loadless block "sys_inst/ADDERTREE_INTERNAL_Madd27" (ROM) removed.
Loadless block
"sys_inst/u_CHIPSET/u_PERIPHERALS/kfmmc_ide/Mmux_chs2lba[31]_chs2lba[31]_mux_98_
OUT_rs31" (ROM) removed.
Unused block "esp_gpio0_io_PULLUP" (PULLUP) removed.
Unused block "esp_gpio2_io_PULLUP" (PULLUP) removed.
Unused block "sd_cs0_n_PULLUP" (PULLUP) removed.

Optimized Block(s):
TYPE 		BLOCK
GND 		XST_GND
VCC 		XST_VCC
LUT3 		sys_inst/ADDERTREE_INTERNAL_Madd25
   optimized to 0
LUT3 		sys_inst/ADDERTREE_INTERNAL_Madd26
   optimized to 0
LUT4 		sys_inst/ADDERTREE_INTERNAL_Madd2_lut<0>6
   optimized to 0
LUT4 		sys_inst/ADDERTREE_INTERNAL_Madd2_lut<0>7
   optimized to 0

To enable printing of redundant blocks removed and signals merged, set the
detailed map report option and rerun map.

Section 6 - IOB Properties
--------------------------

+---------------------------------------------------------------------------------------------------------------------------------------------------------+
| IOB Name                           | Type             | Direction | IO Standard          | Diff  | Drive    | Slew | Reg (s)      | Resistor | IOB      |
|                                    |                  |           |                      | Term  | Strength | Rate |              |          | Delay    |
+---------------------------------------------------------------------------------------------------------------------------------------------------------+
| audioext_l_o                       | IOB              | OUTPUT    | LVCMOS33             |       | 16       | SLOW |              |          |          |
| audioext_r_o                       | IOB              | OUTPUT    | LVCMOS33             |       | 16       | SLOW |              |          |          |
| btn_green_n_i                      | IOB              | INPUT     | LVCMOS33             |       |          |      |              | PULLUP   |          |
| btn_yellow_n_i                     | IOB              | INPUT     | LVCMOS33             |       |          |      |              | PULLUP   |          |
| clock_50_i                         | IOB              | INPUT     | LVCMOS33             |       |          |      |              |          |          |
| ear_port_i                         | IOB              | INPUT     | LVCMOS33             |       |          |      |              |          |          |
| esp_gpio0_io                       | IOB              | OUTPUT    | LVCMOS33             |       | 2        | SLOW |              |          |          |
| esp_gpio2_io                       | IOB              | OUTPUT    | LVCMOS33             |       | 2        | SLOW |              |          |          |
| esp_rx_i                           | IOB              | INPUT     | LVCMOS33             |       |          |      |              | PULLUP   |          |
| esp_tx_o                           | IOB              | OUTPUT    | LVCMOS33             |       | 4        | SLOW |              |          |          |
| flash_cs_n_o                       | IOB              | OUTPUT    | LVCMOS33             |       | 12       | SLOW |              |          |          |
| flash_hold_o                       | IOB              | OUTPUT    | LVCMOS33             |       | 12       | SLOW |              |          |          |
| flash_miso_i                       | IOB              | INPUT     | LVCMOS33             |       |          |      |              | PULLUP   |          |
| flash_mosi_o                       | IOB              | OUTPUT    | LVCMOS33             |       | 12       | SLOW |              |          |          |
| flash_sclk_o                       | IOB              | OUTPUT    | LVCMOS33             |       | 12       | SLOW |              |          |          |
| flash_wp_o                         | IOB              | OUTPUT    | LVCMOS33             |       | 12       | SLOW |              |          |          |
| hsync_o                            | IOB              | OUTPUT    | LVTTL                |       | 8        | FAST |              |          |          |
| led_blue_o                         | IOB              | OUTPUT    | LVCMOS33             |       | 12       | SLOW |              |          |          |
| led_green_o                        | IOB              | OUTPUT    | LVCMOS33             |       | 12       | SLOW |              |          |          |
| led_red_o                          | IOB              | OUTPUT    | LVCMOS33             |       | 12       | SLOW |              |          |          |
| led_yellow_o                       | IOB              | OUTPUT    | LVCMOS33             |       | 12       | SLOW |              |          |          |
| mic_port_o                         | IOB              | OUTPUT    | LVCMOS33             |       | 12       | SLOW |              |          |          |
| ps2_clk_io                         | IOB              | BIDIR     | LVCMOS33             |       | 24       | SLOW | IFF          | PULLUP   |          |
| ps2_data_io                        | IOB              | BIDIR     | LVCMOS33             |       | 24       | SLOW | IFF          | PULLUP   |          |
| ps2_pin2_io                        | IOB              | INPUT     | LVCMOS33             |       |          |      |              | PULLUP   |          |
| ps2_pin6_io                        | IOB              | INPUT     | LVCMOS33             |       |          |      |              | PULLUP   |          |
| ram_addr_o<0>                      | IOB              | OUTPUT    | LVCMOS33             |       | 4        | FAST |              |          |          |
| ram_addr_o<1>                      | IOB              | OUTPUT    | LVCMOS33             |       | 4        | FAST |              |          |          |
| ram_addr_o<2>                      | IOB              | OUTPUT    | LVCMOS33             |       | 4        | FAST |              |          |          |
| ram_addr_o<3>                      | IOB              | OUTPUT    | LVCMOS33             |       | 4        | FAST |              |          |          |
| ram_addr_o<4>                      | IOB              | OUTPUT    | LVCMOS33             |       | 4        | FAST |              |          |          |
| ram_addr_o<5>                      | IOB              | OUTPUT    | LVCMOS33             |       | 4        | FAST |              |          |          |
| ram_addr_o<6>                      | IOB              | OUTPUT    | LVCMOS33             |       | 4        | FAST |              |          |          |
| ram_addr_o<7>                      | IOB              | OUTPUT    | LVCMOS33             |       | 4        | FAST |              |          |          |
| ram_addr_o<8>                      | IOB              | OUTPUT    | LVCMOS33             |       | 4        | FAST |              |          |          |
| ram_addr_o<9>                      | IOB              | OUTPUT    | LVCMOS33             |       | 4        | FAST |              |          |          |
| ram_addr_o<10>                     | IOB              | OUTPUT    | LVCMOS33             |       | 4        | FAST |              |          |          |
| ram_addr_o<11>                     | IOB              | OUTPUT    | LVCMOS33             |       | 4        | FAST |              |          |          |
| ram_addr_o<12>                     | IOB              | OUTPUT    | LVCMOS33             |       | 4        | FAST |              |          |          |
| ram_addr_o<13>                     | IOB              | OUTPUT    | LVCMOS33             |       | 4        | FAST |              |          |          |
| ram_addr_o<14>                     | IOB              | OUTPUT    | LVCMOS33             |       | 4        | FAST |              |          |          |
| ram_addr_o<15>                     | IOB              | OUTPUT    | LVCMOS33             |       | 4        | FAST |              |          |          |
| ram_addr_o<16>                     | IOB              | OUTPUT    | LVCMOS33             |       | 4        | FAST |              |          |          |
| ram_addr_o<17>                     | IOB              | OUTPUT    | LVCMOS33             |       | 4        | FAST |              |          |          |
| ram_addr_o<18>                     | IOB              | OUTPUT    | LVCMOS33             |       | 4        | FAST |              |          |          |
| ram_addr_o<19>                     | IOB              | OUTPUT    | LVCMOS33             |       | 4        | FAST |              |          |          |
| ram_addr_o<20>                     | IOB              | OUTPUT    | LVCMOS33             |       | 4        | FAST |              |          |          |
| ram_ce_n_o                         | IOB              | OUTPUT    | LVCMOS33             |       | 4        | FAST |              |          |          |
| ram_data_io<0>                     | IOB              | BIDIR     | LVCMOS33             |       | 4        | FAST |              |          |          |
| ram_data_io<1>                     | IOB              | BIDIR     | LVCMOS33             |       | 4        | FAST |              |          |          |
| ram_data_io<2>                     | IOB              | BIDIR     | LVCMOS33             |       | 4        | FAST |              |          |          |
| ram_data_io<3>                     | IOB              | BIDIR     | LVCMOS33             |       | 4        | FAST |              |          |          |
| ram_data_io<4>                     | IOB              | BIDIR     | LVCMOS33             |       | 4        | FAST |              |          |          |
| ram_data_io<5>                     | IOB              | BIDIR     | LVCMOS33             |       | 4        | FAST |              |          |          |
| ram_data_io<6>                     | IOB              | BIDIR     | LVCMOS33             |       | 4        | FAST |              |          |          |
| ram_data_io<7>                     | IOB              | BIDIR     | LVCMOS33             |       | 4        | FAST |              |          |          |
| ram_data_io<8>                     | IOB              | INPUT     | LVCMOS33             |       |          |      |              |          |          |
| ram_data_io<9>                     | IOB              | INPUT     | LVCMOS33             |       |          |      |              |          |          |
| ram_data_io<10>                    | IOB              | INPUT     | LVCMOS33             |       |          |      |              |          |          |
| ram_data_io<11>                    | IOB              | INPUT     | LVCMOS33             |       |          |      |              |          |          |
| ram_data_io<12>                    | IOB              | INPUT     | LVCMOS33             |       |          |      |              |          |          |
| ram_data_io<13>                    | IOB              | INPUT     | LVCMOS33             |       |          |      |              |          |          |
| ram_data_io<14>                    | IOB              | INPUT     | LVCMOS33             |       |          |      |              |          |          |
| ram_data_io<15>                    | IOB              | INPUT     | LVCMOS33             |       |          |      |              |          |          |
| ram_lb_n_o                         | IOB              | OUTPUT    | LVCMOS33             |       | 4        | FAST |              |          |          |
| ram_oe_n_o                         | IOB              | OUTPUT    | LVCMOS33             |       | 4        | FAST |              |          |          |
| ram_ub_n_o                         | IOB              | OUTPUT    | LVCMOS33             |       | 4        | FAST |              |          |          |
| ram_we_n_o                         | IOB              | OUTPUT    | LVCMOS33             |       | 4        | FAST |              |          |          |
| rgb_b_o<0>                         | IOB              | OUTPUT    | LVTTL                |       | 8        | FAST |              |          |          |
| rgb_b_o<1>                         | IOB              | OUTPUT    | LVTTL                |       | 8        | FAST |              |          |          |
| rgb_b_o<2>                         | IOB              | OUTPUT    | LVTTL                |       | 8        | FAST |              |          |          |
| rgb_b_o<3>                         | IOB              | OUTPUT    | LVTTL                |       | 8        | FAST |              |          |          |
| rgb_b_o<4>                         | IOB              | OUTPUT    | LVTTL                |       | 8        | FAST |              |          |          |
| rgb_g_o<0>                         | IOB              | OUTPUT    | LVTTL                |       | 8        | FAST |              |          |          |
| rgb_g_o<1>                         | IOB              | OUTPUT    | LVTTL                |       | 8        | FAST |              |          |          |
| rgb_g_o<2>                         | IOB              | OUTPUT    | LVTTL                |       | 8        | FAST |              |          |          |
| rgb_g_o<3>                         | IOB              | OUTPUT    | LVTTL                |       | 8        | FAST |              |          |          |
| rgb_g_o<4>                         | IOB              | OUTPUT    | LVTTL                |       | 8        | FAST |              |          |          |
| rgb_r_o<0>                         | IOB              | OUTPUT    | LVTTL                |       | 8        | FAST |              |          |          |
| rgb_r_o<1>                         | IOB              | OUTPUT    | LVTTL                |       | 8        | FAST |              |          |          |
| rgb_r_o<2>                         | IOB              | OUTPUT    | LVTTL                |       | 8        | FAST |              |          |          |
| rgb_r_o<3>                         | IOB              | OUTPUT    | LVTTL                |       | 8        | FAST |              |          |          |
| rgb_r_o<4>                         | IOB              | OUTPUT    | LVTTL                |       | 8        | FAST |              |          |          |
| sd_cs0_n                           | IOB              | OUTPUT    | LVTTL                |       | 12       | SLOW |              |          |          |
| sd_miso                            | IOB              | BIDIR     | LVTTL                |       | 12       | SLOW |              | PULLUP   |          |
| sd_mosi                            | IOB              | BIDIR     | LVTTL                |       | 12       | SLOW |              | PULLUP   |          |
| sd_sclk                            | IOB              | OUTPUT    | LVTTL                |       | 12       | SLOW |              |          |          |
| test<0>                            | IOB              | INPUT     | LVTTL                |       |          |      |              |          |          |
| test<1>                            | IOB              | INPUT     | LVTTL                |       |          |      |              |          |          |
| test<2>                            | IOB              | OUTPUT    | LVTTL                |       | 12       | SLOW |              |          |          |
| test<3>                            | IOB              | OUTPUT    | LVTTL                |       | 12       | SLOW |              |          |          |
| test<4>                            | IOB              | OUTPUT    | LVTTL                |       | 12       | SLOW |              |          |          |
| test<5>                            | IOB              | OUTPUT    | LVTTL                |       | 12       | SLOW |              |          |          |
| test<6>                            | IOB              | OUTPUT    | LVTTL                |       | 12       | SLOW |              |          |          |
| test<7>                            | IOB              | OUTPUT    | LVTTL                |       | 12       | SLOW |              |          |          |
| test<8>                            | IOB              | OUTPUT    | LVTTL                |       | 12       | SLOW |              |          |          |
| vsync_o                            | IOB              | OUTPUT    | LVTTL                |       | 8        | FAST |              |          |          |
+---------------------------------------------------------------------------------------------------------------------------------------------------------+

Section 7 - RPMs
----------------

Section 8 - Guide Report
------------------------
Guide not run on this design.

Section 9 - Area Group and Partition Summary
--------------------------------------------

Partition Implementation Status
-------------------------------

  No Partitions were found in this design.

-------------------------------

Area Group Information
----------------------

  No area groups were found in this design.

----------------------

Section 10 - Timing Report
--------------------------
A logic-level (pre-route) timing report can be generated by using Xilinx static
timing analysis tools, Timing Analyzer (GUI) or TRCE (command line), with the
mapped NCD and PCF files. Please note that this timing report will be generated
using estimated delay information. For accurate numbers, please generate a
timing report with the post Place and Route NCD file.

For more information about the Timing Analyzer, consult the Xilinx Timing
Analyzer Reference Manual; for more information about TRCE, consult the Xilinx
Command Line Tools User Guide "TRACE" chapter.

Section 11 - Configuration String Details
-----------------------------------------
Use the "-detail" map option to print out Configuration Strings

Section 12 - Control Set Information
------------------------------------
Use the "-detail" map option to print out Control Set Information.

Section 13 - Utilization by Hierarchy
-------------------------------------
Use the "-detail" map option to print out the Utilization by Hierarchy section.
