Release 14.7 - ngc2edif P.20131013 (nt)
Copyright (c) 1995-2013 Xilinx, Inc.  All rights reserved.
Reading design unoxt2_top.ngc ...
WARNING:NetListWriters:298 - No output is written to unoxt2_top.xncf, ignored.
Processing design ...
   Preping design's networks ...
   Preping design's macros ...
WARNING:NetListWriters:306 - Signal bus
   sys_inst/u_CHIPSET/u_PERIPHERALS/vga_cga/c<13 : 0> on block unoxt2_top is not
   reconstructed, because there are some missing bus signals.
WARNING:NetListWriters:306 - Signal bus
   sys_inst/u_CHIPSET/u_PERIPHERALS/tandy_page_data<5 : 0> on block unoxt2_top
   is not reconstructed, because there are some missing bus signals.
WARNING:NetListWriters:306 - Signal bus sys_inst/B1/EU_CORE/carry<16 : 3> on
   block unoxt2_top is not reconstructed, because there are some missing bus
   signals.
WARNING:NetListWriters:306 - Signal bus sys_inst/B1/EU_CORE/eu_operand0<15 : 5>
   on block unoxt2_top is not reconstructed, because there are some missing bus
   signals.
WARNING:NetListWriters:306 - Signal bus
   sys_inst/u_CHIPSET/u_BUS_ARBITER/u_KF8237/u_Timing_And_Control/dma_acknowledg
   e_ff[3]_GND_22_o_mux_113_OUT<3 : 0> on block unoxt2_top is not reconstructed,
   because there are some missing bus signals.
WARNING:NetListWriters:306 - Signal bus
   sys_inst/u_CHIPSET/u_BUS_ARBITER/u_KF8237/u_Timing_And_Control/dma_acknowledg
   e_ff<3 : 0> on block unoxt2_top is not reconstructed, because there are some
   missing bus signals.
WARNING:NetListWriters:306 - Signal bus
   sys_inst/u_CHIPSET/u_PERIPHERALS/u_KF8259/interrupt<7 : 0> on block
   unoxt2_top is not reconstructed, because there are some missing bus signals.
WARNING:NetListWriters:306 - Signal bus
   sys_inst/u_CHIPSET/u_PERIPHERALS/u_KF8259/u_In_Service/highest_level_in_servi
   ce<4 : 0> on block unoxt2_top is not reconstructed, because there are some
   missing bus signals.
WARNING:NetListWriters:306 - Signal bus
   sys_inst/u_CHIPSET/u_PERIPHERALS/u_KF8259/u_In_Service/in_service_register<4
   : 0> on block unoxt2_top is not reconstructed, because there are some missing
   bus signals.
WARNING:NetListWriters:306 - Signal bus
   sys_inst/u_CHIPSET/u_PERIPHERALS/u_KF8259/u_Control_Logic/interrupt_special_m
   ask<7 : 0> on block unoxt2_top is not reconstructed, because there are some
   missing bus signals.
WARNING:NetListWriters:306 - Signal bus
   sys_inst/u_CHIPSET/u_PERIPHERALS/u_KF8259/u_Control_Logic/acknowledge_interru
   pt[7]_GND_29_o_mux_188_OUT<4 : 0> on block unoxt2_top is not reconstructed,
   because there are some missing bus signals.
WARNING:NetListWriters:306 - Signal bus
   sys_inst/u_CHIPSET/u_PERIPHERALS/u_KF8259/u_Control_Logic/acknowledge_interru
   pt<4 : 0> on block unoxt2_top is not reconstructed, because there are some
   missing bus signals.
WARNING:NetListWriters:306 - Signal bus
   sys_inst/u_CHIPSET/u_PERIPHERALS/u_KF8259/u_Control_Logic/interrupt_when_ack1
   <4 : 0> on block unoxt2_top is not reconstructed, because there are some
   missing bus signals.
WARNING:NetListWriters:306 - Signal bus
   sys_inst/u_CHIPSET/u_PERIPHERALS/u_KF8259/u_Control_Logic/interrupt_special_m
   ask[7]_GND_29_o_mux_84_OUT<7 : 0> on block unoxt2_top is not reconstructed,
   because there are some missing bus signals.
WARNING:NetListWriters:306 - Signal bus
   sys_inst/u_CHIPSET/u_PERIPHERALS/u_KF8259/u_Control_Logic/cascade_device_conf
   ig<4 : 0> on block unoxt2_top is not reconstructed, because there are some
   missing bus signals.
WARNING:NetListWriters:306 - Signal bus
   sys_inst/u_CHIPSET/u_PERIPHERALS/u_KF8259/u_In_Service/next_in_service_regist
   er<4 : 0> on block unoxt2_top is not reconstructed, because there are some
   missing bus signals.
WARNING:NetListWriters:306 - Signal bus
   sys_inst/u_CHIPSET/u_PERIPHERALS/u_KF8259/u_In_Service/next_in_service_regist
   er[7]_interrupt_special_mask[7]_and_7_OUT<7 : 0> on block unoxt2_top is not
   reconstructed, because there are some missing bus signals.
WARNING:NetListWriters:306 - Signal bus
   sys_inst/u_CHIPSET/u_PERIPHERALS/u_KF8259/u_In_Service/next_highest_level_in_
   service<4 : 0> on block unoxt2_top is not reconstructed, because there are
   some missing bus signals.
WARNING:NetListWriters:306 - Signal bus
   sys_inst/u_CHIPSET/u_PERIPHERALS/u_KF8253/u_KF8253_Counter_0/dec_count<15 :
   1> on block unoxt2_top is not reconstructed, because there are some missing
   bus signals.
WARNING:NetListWriters:306 - Signal bus
   sys_inst/u_CHIPSET/u_PERIPHERALS/u_KF8253/u_KF8253_Counter_1/dec_count<15 :
   1> on block unoxt2_top is not reconstructed, because there are some missing
   bus signals.
WARNING:NetListWriters:306 - Signal bus
   sys_inst/u_CHIPSET/u_PERIPHERALS/u_KF8253/u_KF8253_Counter_2/dec_count[16]_co
   unt[16]_mux_74_OUT<6 : 1> on block unoxt2_top is not reconstructed, because
   there are some missing bus signals.
WARNING:NetListWriters:306 - Signal bus
   sys_inst/u_CHIPSET/u_PERIPHERALS/u_KF8253/u_KF8253_Counter_2/dec_count<16 :
   1> on block unoxt2_top is not reconstructed, because there are some missing
   bus signals.
WARNING:NetListWriters:306 - Signal bus
   sys_inst/u_CHIPSET/u_PERIPHERALS/u_KF8255/u_Port_C/port_c_io<7 : 0> on block
   unoxt2_top is not reconstructed, because there are some missing bus signals.
WARNING:NetListWriters:306 - Signal bus
   sys_inst/u_CHIPSET/u_PERIPHERALS/u_KF8255/u_Port_C/port_c_io_comb<7 : 0> on
   block unoxt2_top is not reconstructed, because there are some missing bus
   signals.
WARNING:NetListWriters:306 - Signal bus
   sys_inst/u_CHIPSET/u_PERIPHERALS/jtopl2_inst/u_mmr/u_reg/u_slot_cnt/slot<17 :
   0> on block unoxt2_top is not reconstructed, because there are some missing
   bus signals.
WARNING:NetListWriters:306 - Signal bus
   sys_inst/u_CHIPSET/u_PERIPHERALS/jtopl2_inst/u_mmr/u_reg/chcfg<17 : 0> on
   block unoxt2_top is not reconstructed, because there are some missing bus
   signals.
WARNING:NetListWriters:306 - Signal bus
   sys_inst/u_CHIPSET/u_PERIPHERALS/jtopl2_inst/u_pg/tc<5 : 3> on block
   unoxt2_top is not reconstructed, because there are some missing bus signals.
WARNING:NetListWriters:306 - Signal bus
   sys_inst/u_CHIPSET/u_PERIPHERALS/jtopl2_inst/u_pg/hh<8 : 2> on block
   unoxt2_top is not reconstructed, because there are some missing bus signals.
WARNING:NetListWriters:306 - Signal bus
   sys_inst/u_CHIPSET/u_PERIPHERALS/jtopl2_inst/u_eg/u_comb/u_pure/Madd_n0060[8:
   0]_cy<4 : 2> on block unoxt2_top is not reconstructed, because there are some
   missing bus signals.
WARNING:NetListWriters:306 - Signal bus
   sys_inst/u_CHIPSET/u_PERIPHERALS/jtopl2_inst/u_eg/u_comb/u_pure/ar_sum<5 : 1>
   on block unoxt2_top is not reconstructed, because there are some missing bus
   signals.
WARNING:NetListWriters:306 - Signal bus
   sys_inst/u_CHIPSET/u_PERIPHERALS/jtopl2_inst/u_eg/u_comb/u_final/ksl_dB<8 :
   0> on block unoxt2_top is not reconstructed, because there are some missing
   bus signals.
WARNING:NetListWriters:306 - Signal bus
   sys_inst/u_CHIPSET/u_PERIPHERALS/kfmmc_ide/calc_lc_temp<9 : 0> on block
   unoxt2_top is not reconstructed, because there are some missing bus signals.
WARNING:NetListWriters:306 - Signal bus
   sys_inst/u_CHIPSET/u_PERIPHERALS/kfmmc_ide/Msub_trans_fifo_index[10]_GND_160_
   o_sub_173_OUT_cy<7 : 5> on block unoxt2_top is not reconstructed, because
   there are some missing bus signals.
WARNING:NetListWriters:306 - Signal bus
   sys_inst/u_CHIPSET/u_PERIPHERALS/kfmmc_ide/u_KFMMC_Drive/u_KFMMC_Command_IO/r
   esponse<127 : 0> on block unoxt2_top is not reconstructed, because there are
   some missing bus signals.
WARNING:NetListWriters:306 - Signal bus
   sys_inst/u_CHIPSET/u_PERIPHERALS/kfmmc_ide/_n10080<3 : 1> on block unoxt2_top
   is not reconstructed, because there are some missing bus signals.
WARNING:NetListWriters:306 - Signal bus
   sys_inst/u_CHIPSET/u_PERIPHERALS/kfmmc_ide/cylinder[31]_GND_160_o_mux_331_OUT
   <15 : 0> on block unoxt2_top is not reconstructed, because there are some
   missing bus signals.
WARNING:NetListWriters:306 - Signal bus
   sys_inst/u_CHIPSET/u_PERIPHERALS/kfmmc_ide/ide_address[2]_GND_160_o_wide_mux_
   338_OUT<6 : 0> on block unoxt2_top is not reconstructed, because there are
   some missing bus signals.
WARNING:NetListWriters:306 - Signal bus
   sys_inst/u_CHIPSET/u_PERIPHERALS/kfmmc_ide/error<6 : 0> on block unoxt2_top
   is not reconstructed, because there are some missing bus signals.
WARNING:NetListWriters:306 - Signal bus
   sys_inst/u_CHIPSET/u_PERIPHERALS/kfmmc_ide/ret_state<4 : 0> on block
   unoxt2_top is not reconstructed, because there are some missing bus signals.
WARNING:NetListWriters:306 - Signal bus
   sys_inst/u_CHIPSET/u_PERIPHERALS/kfmmc_ide/u_KFMMC_Drive/u_KFMMC_Controller/c
   sd<127 : 47> on block unoxt2_top is not reconstructed, because there are some
   missing bus signals.
  finished :Prep
Writing EDIF netlist file unoxt2_top.edif ...
ngc2edif: Total memory usage is 96888 kilobytes

Release 14.7 - ngc2edif P.20131013 (nt)
Copyright (c) 1995-2013 Xilinx, Inc.  All rights reserved.
Reading design unoxt2_top.ngc ...
WARNING:NetListWriters:298 - No output is written to unoxt2_top.xncf, ignored.
Processing design ...
   Preping design's networks ...
   Preping design's macros ...
WARNING:NetListWriters:306 - Signal bus
   sys_inst/u_CHIPSET/u_PERIPHERALS/vga_cga/c<13 : 0> on block unoxt2_top is not
   reconstructed, because there are some missing bus signals.
WARNING:NetListWriters:306 - Signal bus
   sys_inst/u_CHIPSET/u_PERIPHERALS/tandy_page_data<5 : 0> on block unoxt2_top
   is not reconstructed, because there are some missing bus signals.
WARNING:NetListWriters:306 - Signal bus sys_inst/B1/EU_CORE/carry<16 : 3> on
   block unoxt2_top is not reconstructed, because there are some missing bus
   signals.
WARNING:NetListWriters:306 - Signal bus sys_inst/B1/EU_CORE/eu_operand0<15 : 5>
   on block unoxt2_top is not reconstructed, because there are some missing bus
   signals.
WARNING:NetListWriters:306 - Signal bus
   sys_inst/u_CHIPSET/u_BUS_ARBITER/u_KF8237/u_Timing_And_Control/dma_acknowledg
   e_ff[3]_GND_22_o_mux_113_OUT<3 : 0> on block unoxt2_top is not reconstructed,
   because there are some missing bus signals.
WARNING:NetListWriters:306 - Signal bus
   sys_inst/u_CHIPSET/u_BUS_ARBITER/u_KF8237/u_Timing_And_Control/dma_acknowledg
   e_ff<3 : 0> on block unoxt2_top is not reconstructed, because there are some
   missing bus signals.
WARNING:NetListWriters:306 - Signal bus
   sys_inst/u_CHIPSET/u_PERIPHERALS/u_KF8259/interrupt<7 : 0> on block
   unoxt2_top is not reconstructed, because there are some missing bus signals.
WARNING:NetListWriters:306 - Signal bus
   sys_inst/u_CHIPSET/u_PERIPHERALS/u_KF8259/u_In_Service/highest_level_in_servi
   ce<4 : 0> on block unoxt2_top is not reconstructed, because there are some
   missing bus signals.
WARNING:NetListWriters:306 - Signal bus
   sys_inst/u_CHIPSET/u_PERIPHERALS/u_KF8259/u_In_Service/in_service_register<4
   : 0> on block unoxt2_top is not reconstructed, because there are some missing
   bus signals.
WARNING:NetListWriters:306 - Signal bus
   sys_inst/u_CHIPSET/u_PERIPHERALS/u_KF8259/u_Control_Logic/interrupt_special_m
   ask<7 : 0> on block unoxt2_top is not reconstructed, because there are some
   missing bus signals.
WARNING:NetListWriters:306 - Signal bus
   sys_inst/u_CHIPSET/u_PERIPHERALS/u_KF8259/u_Control_Logic/acknowledge_interru
   pt[7]_GND_29_o_mux_188_OUT<4 : 0> on block unoxt2_top is not reconstructed,
   because there are some missing bus signals.
WARNING:NetListWriters:306 - Signal bus
   sys_inst/u_CHIPSET/u_PERIPHERALS/u_KF8259/u_Control_Logic/acknowledge_interru
   pt<4 : 0> on block unoxt2_top is not reconstructed, because there are some
   missing bus signals.
WARNING:NetListWriters:306 - Signal bus
   sys_inst/u_CHIPSET/u_PERIPHERALS/u_KF8259/u_Control_Logic/interrupt_when_ack1
   <4 : 0> on block unoxt2_top is not reconstructed, because there are some
   missing bus signals.
WARNING:NetListWriters:306 - Signal bus
   sys_inst/u_CHIPSET/u_PERIPHERALS/u_KF8259/u_Control_Logic/interrupt_special_m
   ask[7]_GND_29_o_mux_84_OUT<7 : 0> on block unoxt2_top is not reconstructed,
   because there are some missing bus signals.
WARNING:NetListWriters:306 - Signal bus
   sys_inst/u_CHIPSET/u_PERIPHERALS/u_KF8259/u_Control_Logic/cascade_device_conf
   ig<4 : 0> on block unoxt2_top is not reconstructed, because there are some
   missing bus signals.
WARNING:NetListWriters:306 - Signal bus
   sys_inst/u_CHIPSET/u_PERIPHERALS/u_KF8259/u_In_Service/next_in_service_regist
   er<4 : 0> on block unoxt2_top is not reconstructed, because there are some
   missing bus signals.
WARNING:NetListWriters:306 - Signal bus
   sys_inst/u_CHIPSET/u_PERIPHERALS/u_KF8259/u_In_Service/next_in_service_regist
   er[7]_interrupt_special_mask[7]_and_7_OUT<7 : 0> on block unoxt2_top is not
   reconstructed, because there are some missing bus signals.
WARNING:NetListWriters:306 - Signal bus
   sys_inst/u_CHIPSET/u_PERIPHERALS/u_KF8259/u_In_Service/next_highest_level_in_
   service<4 : 0> on block unoxt2_top is not reconstructed, because there are
   some missing bus signals.
WARNING:NetListWriters:306 - Signal bus
   sys_inst/u_CHIPSET/u_PERIPHERALS/u_KF8253/u_KF8253_Counter_0/dec_count<15 :
   1> on block unoxt2_top is not reconstructed, because there are some missing
   bus signals.
WARNING:NetListWriters:306 - Signal bus
   sys_inst/u_CHIPSET/u_PERIPHERALS/u_KF8253/u_KF8253_Counter_1/dec_count<15 :
   1> on block unoxt2_top is not reconstructed, because there are some missing
   bus signals.
WARNING:NetListWriters:306 - Signal bus
   sys_inst/u_CHIPSET/u_PERIPHERALS/u_KF8253/u_KF8253_Counter_2/dec_count[16]_co
   unt[16]_mux_74_OUT<6 : 1> on block unoxt2_top is not reconstructed, because
   there are some missing bus signals.
WARNING:NetListWriters:306 - Signal bus
   sys_inst/u_CHIPSET/u_PERIPHERALS/u_KF8253/u_KF8253_Counter_2/dec_count<16 :
   1> on block unoxt2_top is not reconstructed, because there are some missing
   bus signals.
WARNING:NetListWriters:306 - Signal bus
   sys_inst/u_CHIPSET/u_PERIPHERALS/u_KF8255/u_Port_C/port_c_io<7 : 0> on block
   unoxt2_top is not reconstructed, because there are some missing bus signals.
WARNING:NetListWriters:306 - Signal bus
   sys_inst/u_CHIPSET/u_PERIPHERALS/u_KF8255/u_Port_C/port_c_io_comb<7 : 0> on
   block unoxt2_top is not reconstructed, because there are some missing bus
   signals.
WARNING:NetListWriters:306 - Signal bus
   sys_inst/u_CHIPSET/u_PERIPHERALS/jtopl2_inst/u_mmr/u_reg/u_slot_cnt/slot<17 :
   0> on block unoxt2_top is not reconstructed, because there are some missing
   bus signals.
WARNING:NetListWriters:306 - Signal bus
   sys_inst/u_CHIPSET/u_PERIPHERALS/jtopl2_inst/u_mmr/u_reg/chcfg<17 : 0> on
   block unoxt2_top is not reconstructed, because there are some missing bus
   signals.
WARNING:NetListWriters:306 - Signal bus
   sys_inst/u_CHIPSET/u_PERIPHERALS/jtopl2_inst/u_pg/tc<5 : 3> on block
   unoxt2_top is not reconstructed, because there are some missing bus signals.
WARNING:NetListWriters:306 - Signal bus
   sys_inst/u_CHIPSET/u_PERIPHERALS/jtopl2_inst/u_pg/hh<8 : 2> on block
   unoxt2_top is not reconstructed, because there are some missing bus signals.
WARNING:NetListWriters:306 - Signal bus
   sys_inst/u_CHIPSET/u_PERIPHERALS/jtopl2_inst/u_eg/u_comb/u_pure/Madd_n0060[8:
   0]_cy<4 : 2> on block unoxt2_top is not reconstructed, because there are some
   missing bus signals.
WARNING:NetListWriters:306 - Signal bus
   sys_inst/u_CHIPSET/u_PERIPHERALS/jtopl2_inst/u_eg/u_comb/u_pure/ar_sum<5 : 1>
   on block unoxt2_top is not reconstructed, because there are some missing bus
   signals.
WARNING:NetListWriters:306 - Signal bus
   sys_inst/u_CHIPSET/u_PERIPHERALS/jtopl2_inst/u_eg/u_comb/u_final/ksl_dB<8 :
   0> on block unoxt2_top is not reconstructed, because there are some missing
   bus signals.
WARNING:NetListWriters:306 - Signal bus
   sys_inst/u_CHIPSET/u_PERIPHERALS/kfmmc_ide/calc_lc_temp<9 : 0> on block
   unoxt2_top is not reconstructed, because there are some missing bus signals.
WARNING:NetListWriters:306 - Signal bus
   sys_inst/u_CHIPSET/u_PERIPHERALS/kfmmc_ide/Msub_trans_fifo_index[10]_GND_160_
   o_sub_173_OUT_cy<7 : 5> on block unoxt2_top is not reconstructed, because
   there are some missing bus signals.
WARNING:NetListWriters:306 - Signal bus
   sys_inst/u_CHIPSET/u_PERIPHERALS/kfmmc_ide/u_KFMMC_Drive/u_KFMMC_Command_IO/r
   esponse<127 : 0> on block unoxt2_top is not reconstructed, because there are
   some missing bus signals.
WARNING:NetListWriters:306 - Signal bus
   sys_inst/u_CHIPSET/u_PERIPHERALS/kfmmc_ide/_n10080<3 : 1> on block unoxt2_top
   is not reconstructed, because there are some missing bus signals.
WARNING:NetListWriters:306 - Signal bus
   sys_inst/u_CHIPSET/u_PERIPHERALS/kfmmc_ide/cylinder[31]_GND_160_o_mux_331_OUT
   <15 : 0> on block unoxt2_top is not reconstructed, because there are some
   missing bus signals.
WARNING:NetListWriters:306 - Signal bus
   sys_inst/u_CHIPSET/u_PERIPHERALS/kfmmc_ide/ide_address[2]_GND_160_o_wide_mux_
   338_OUT<6 : 0> on block unoxt2_top is not reconstructed, because there are
   some missing bus signals.
WARNING:NetListWriters:306 - Signal bus
   sys_inst/u_CHIPSET/u_PERIPHERALS/kfmmc_ide/error<6 : 0> on block unoxt2_top
   is not reconstructed, because there are some missing bus signals.
WARNING:NetListWriters:306 - Signal bus
   sys_inst/u_CHIPSET/u_PERIPHERALS/kfmmc_ide/ret_state<4 : 0> on block
   unoxt2_top is not reconstructed, because there are some missing bus signals.
WARNING:NetListWriters:306 - Signal bus
   sys_inst/u_CHIPSET/u_PERIPHERALS/kfmmc_ide/u_KFMMC_Drive/u_KFMMC_Controller/c
   sd<127 : 47> on block unoxt2_top is not reconstructed, because there are some
   missing bus signals.
  finished :Prep
Writing EDIF netlist file unoxt2_top.edif ...
ngc2edif: Total memory usage is 95932 kilobytes

Release 14.7 - ngc2edif P.20131013 (nt)
Copyright (c) 1995-2013 Xilinx, Inc.  All rights reserved.
Reading design vram.ngc ...
WARNING:NetListWriters:298 - No output is written to vram.xncf, ignored.
Processing design ...
   Preping design's networks ...
   Preping design's macros ...
  finished :Prep
Writing EDIF netlist file vram.edif ...
ngc2edif: Total memory usage is 81788 kilobytes

